** Drc report for HMP115-Interface-v02.kicad_pcb **
** Created on 2026-07-06T09:53:15+0800 **
** Report includes: Errors, Warnings **

** Found 4 DRC violations **
[courtyards_overlap]: Courtyards overlap
    Rule: board setup constraints courtyard; error
    @(88.0000 mm, 20.0000 mm): Footprint C5
    @(98.0000 mm, 22.0000 mm): Footprint J4
[silk_overlap]: Silkscreen overlap
    Rule: board setup constraints silk; warning
    @(72.0000 mm, 8.0000 mm): PCB text '3V3 REG' on F.Silkscreen
    @(75.0000 mm, 7.5000 mm): Reference field of U2
[silk_overlap]: Silkscreen overlap
    Rule: board setup constraints silk; warning
    @(88.0000 mm, 18.5700 mm): Reference field of C5
    @(100.6600 mm, 17.9000 mm): Segment of J4 on F.Silkscreen
[silk_overlap]: Silkscreen overlap
    Rule: board setup constraints silk; warning
    @(100.6600 mm, 19.4000 mm): Segment of J4 on F.Silkscreen
    @(87.8594 mm, 19.4900 mm): Segment of C5 on F.Silkscreen

** Found 34 unconnected pads **
[unconnected_items]: Missing connection between items
    Local override; error
    @(64.1750 mm, 50.0000 mm): Pad 1 [HMP_TEMP_OUT] of R2 on F.Cu
    @(92.9200 mm, 22.0000 mm): PTH pad 2 [HMP_TEMP_OUT] of J4
[unconnected_items]: Missing connection between items
    Local override; error
    @(28.1600 mm, 34.0000 mm): PTH pad 3 [RS485_B] of J2
    @(23.0800 mm, 62.0000 mm): PTH pad 2 [RS485_B] of J3
[unconnected_items]: Missing connection between items
    Local override; error
    @(45.8250 mm, 34.0000 mm): Pad 2 [RS485_B] of R1 on F.Cu
    @(28.1600 mm, 34.0000 mm): PTH pad 3 [RS485_B] of J2
[unconnected_items]: Missing connection between items
    Local override; error
    @(45.8250 mm, 34.0000 mm): Pad 2 [RS485_B] of R1 on F.Cu
    @(66.0000 mm, 32.0500 mm): Pad 1 [RS485_B] of D2 on F.Cu
[unconnected_items]: Missing connection between items
    Local override; error
    @(65.8250 mm, 62.0000 mm): Pad 2 [RH_FILTERED] of R3 on F.Cu
    @(77.2250 mm, 62.0000 mm): Pad 1 [RH_FILTERED] of C2 on F.Cu
[unconnected_items]: Missing connection between items
    Local override; error
    @(77.2250 mm, 62.0000 mm): Pad 1 [RH_FILTERED] of C2 on F.Cu
    @(87.8400 mm, 56.0000 mm): PTH pad 3 [RH_FILTERED] of J5
[unconnected_items]: Missing connection between items
    Local override; error
    @(33.2400 mm, 34.0000 mm): PTH pad 4 [GND] of J2
    @(40.7750 mm, 20.0000 mm): Pad 2 [GND] of C3 on F.Cu
[unconnected_items]: Missing connection between items
    Local override; error
    @(33.2400 mm, 34.0000 mm): PTH pad 4 [GND] of J2
    @(28.1600 mm, 62.0000 mm): PTH pad 3 [GND] of J3
[unconnected_items]: Missing connection between items
    Local override; error
    @(40.7750 mm, 20.0000 mm): Pad 2 [GND] of C3 on F.Cu
    @(23.0800 mm, 12.0000 mm): PTH pad 2 [GND] of J1
[unconnected_items]: Missing connection between items
    Local override; error
    @(50.0000 mm, 14.5400 mm): PTH pad 2 [GND] of U1
    @(40.7750 mm, 20.0000 mm): Pad 2 [GND] of C3 on F.Cu
[unconnected_items]: Missing connection between items
    Local override; error
    @(50.0000 mm, 14.5400 mm): PTH pad 2 [GND] of U1
    @(62.7750 mm, 20.0000 mm): Pad 2 [GND] of C4 on F.Cu
[unconnected_items]: Missing connection between items
    Local override; error
    @(58.0000 mm, 29.9500 mm): Pad 2 [GND] of D1 on F.Cu
    @(66.0000 mm, 29.9500 mm): Pad 2 [GND] of D2 on F.Cu
[unconnected_items]: Missing connection between items
    Local override; error
    @(62.7750 mm, 20.0000 mm): Pad 2 [GND] of C4 on F.Cu
    @(71.8500 mm, 9.7000 mm): Pad 1 [GND] of U2 on F.Cu
[unconnected_items]: Missing connection between items
    Local override; error
    @(66.0000 mm, 29.9500 mm): Pad 2 [GND] of D2 on F.Cu
    @(62.7750 mm, 20.0000 mm): Pad 2 [GND] of C4 on F.Cu
[unconnected_items]: Missing connection between items
    Local override; error
    @(66.0000 mm, 29.9500 mm): Pad 2 [GND] of D2 on F.Cu
    @(78.7750 mm, 50.0000 mm): Pad 2 [GND] of C1 on F.Cu
[unconnected_items]: Missing connection between items
    Local override; error
    @(78.7750 mm, 62.0000 mm): Pad 2 [GND] of C2 on F.Cu
    @(82.7600 mm, 56.0000 mm): PTH pad 4 [GND] of J5
[unconnected_items]: Missing connection between items
    Local override; error
    @(82.7600 mm, 22.0000 mm): PTH pad 4 [GND] of J4
    @(71.8500 mm, 9.7000 mm): Pad 1 [GND] of U2 on F.Cu
[unconnected_items]: Missing connection between items
    Local override; error
    @(82.7600 mm, 56.0000 mm): PTH pad 4 [GND] of J5
    @(78.7750 mm, 50.0000 mm): Pad 2 [GND] of C1 on F.Cu
[unconnected_items]: Missing connection between items
    Local override; error
    @(88.7750 mm, 20.0000 mm): Pad 2 [GND] of C5 on F.Cu
    @(82.7600 mm, 22.0000 mm): PTH pad 4 [GND] of J4
[unconnected_items]: Missing connection between items
    Local override; error
    @(78.1500 mm, 12.0000 mm): Pad 2 [+3V3] of U2 on F.Cu
    @(71.8500 mm, 12.0000 mm): Pad 2 [+3V3] of U2 on F.Cu
[unconnected_items]: Missing connection between items
    Local override; error
    @(87.2250 mm, 20.0000 mm): Pad 1 [+3V3] of C5 on F.Cu
    @(78.1500 mm, 12.0000 mm): Pad 2 [+3V3] of U2 on F.Cu
[unconnected_items]: Missing connection between items
    Local override; error
    @(18.0000 mm, 12.0000 mm): PTH pad 1 [12V_IN] of J1
    @(18.0000 mm, 34.0000 mm): PTH pad 1 [12V_IN] of J2
[unconnected_items]: Missing connection between items
    Local override; error
    @(18.0000 mm, 12.0000 mm): PTH pad 1 [12V_IN] of J1
    @(39.2250 mm, 20.0000 mm): Pad 1 [12V_IN] of C3 on F.Cu
[unconnected_items]: Missing connection between items
    Local override; error
    @(39.2250 mm, 20.0000 mm): Pad 1 [12V_IN] of C3 on F.Cu
    @(50.0000 mm, 12.0000 mm): PTH pad 1 [12V_IN] of U1
[unconnected_items]: Missing connection between items
    Local override; error
    @(64.1750 mm, 62.0000 mm): Pad 1 [HMP_RH_OUT] of R3 on F.Cu
    @(87.8400 mm, 22.0000 mm): PTH pad 3 [HMP_RH_OUT] of J4
[unconnected_items]: Missing connection between items
    Local override; error
    @(77.2250 mm, 50.0000 mm): Pad 1 [TEMP_FILTERED] of C1 on F.Cu
    @(65.8250 mm, 50.0000 mm): Pad 2 [TEMP_FILTERED] of R2 on F.Cu
[unconnected_items]: Missing connection between items
    Local override; error
    @(92.9200 mm, 56.0000 mm): PTH pad 2 [TEMP_FILTERED] of J5
    @(77.2250 mm, 50.0000 mm): Pad 1 [TEMP_FILTERED] of C1 on F.Cu
[unconnected_items]: Missing connection between items
    Local override; error
    @(23.0800 mm, 34.0000 mm): PTH pad 2 [RS485_A] of J2
    @(44.1750 mm, 34.0000 mm): Pad 1 [RS485_A] of R1 on F.Cu
[unconnected_items]: Missing connection between items
    Local override; error
    @(23.0800 mm, 34.0000 mm): PTH pad 2 [RS485_A] of J2
    @(18.0000 mm, 62.0000 mm): PTH pad 1 [RS485_A] of J3
[unconnected_items]: Missing connection between items
    Local override; error
    @(58.0000 mm, 32.0500 mm): Pad 1 [RS485_A] of D1 on F.Cu
    @(44.1750 mm, 34.0000 mm): Pad 1 [RS485_A] of R1 on F.Cu
[unconnected_items]: Missing connection between items
    Local override; error
    @(50.0000 mm, 17.0800 mm): PTH pad 3 [+5V] of U1
    @(61.2250 mm, 20.0000 mm): Pad 1 [+5V] of C4 on F.Cu
[unconnected_items]: Missing connection between items
    Local override; error
    @(61.2250 mm, 20.0000 mm): Pad 1 [+5V] of C4 on F.Cu
    @(71.8500 mm, 14.3000 mm): Pad 3 [+5V] of U2 on F.Cu
[unconnected_items]: Missing connection between items
    Local override; error
    @(98.0000 mm, 22.0000 mm): PTH pad 1 [+5V] of J4
    @(71.8500 mm, 14.3000 mm): Pad 3 [+5V] of U2 on F.Cu
[unconnected_items]: Missing connection between items
    Local override; error
    @(98.0000 mm, 56.0000 mm): PTH pad 1 [+5V] of J5
    @(98.0000 mm, 22.0000 mm): PTH pad 1 [+5V] of J4

** Found 0 Footprint errors **

** End of Report **
