ERC report (2026-07-05T00:30:06+0800, Encoding UTF8)
Report includes: Errors, Warnings

***** Sheet /
[endpoint_off_grid]: Symbol pin or wire end off connection grid
    ; warning
    @(31.19 mm, 28.00 mm): Symbol F1 Pin 1 [Passive, Line]
[endpoint_off_grid]: Symbol pin or wire end off connection grid
    ; warning
    @(19.92 mm, 43.73 mm): Symbol J1 Pin 1 [1, Unspecified, Line]
[pin_to_pin]: Pins of type Unspecified and Passive are connected
    ; warning
    @(19.92 mm, 43.73 mm): Symbol J1 Pin 1 [1, Unspecified, Line]
    @(31.19 mm, 28.00 mm): Symbol F1 Pin 1 [Passive, Line]
[pin_to_pin]: Pins of type Unspecified and Unspecified are connected
    ; warning
    @(19.92 mm, 46.27 mm): Symbol J1 Pin 2 [2, Unspecified, Line]
    @(55.00 mm, 53.89 mm): Symbol U2 Pin 9 [EP, Unspecified, Line]
[endpoint_off_grid]: Symbol pin or wire end off connection grid
    ; warning
    @(46.19 mm, 28.00 mm): Symbol D5 Pin 1 [K, Passive, Line]
[endpoint_off_grid]: Symbol pin or wire end off connection grid
    ; warning
    @(42.30 mm, 41.19 mm): Symbol U2 Pin 1 [SW, Unspecified, Line]
[endpoint_off_grid]: Symbol pin or wire end off connection grid
    ; warning
    @(65.00 mm, 24.19 mm): Symbol C1 Pin 1 [Passive, Line]
[lib_symbol_mismatch]: Symbol 'C' doesn't match copy in library 'Device'
    ; warning
    @(65.00 mm, 28.00 mm): Symbol C1 [C]
[pin_to_pin]: Pins of type Unspecified and Unspecified are connected
    ; warning
    @(55.00 mm, 53.89 mm): Symbol U2 Pin 9 [EP, Unspecified, Line]
    @(73.57 mm, 42.46 mm): Symbol U3 Pin 1 [GND, Unspecified, Line]
[pin_to_pin]: Pins of type Unspecified and Passive are connected
    ; warning
    @(67.70 mm, 43.73 mm): Symbol U2 Pin 7 [VIN, Unspecified, Line]
    @(65.00 mm, 24.19 mm): Symbol C1 Pin 1 [Passive, Line]
[pin_to_pin]: Pins of type Unspecified and Unspecified are connected
    ; warning
    @(67.70 mm, 48.81 mm): Symbol U2 Pin 5 [GND, Unspecified, Line]
    @(73.57 mm, 42.46 mm): Symbol U3 Pin 1 [GND, Unspecified, Line]
[endpoint_off_grid]: Symbol pin or wire end off connection grid
    ; warning
    @(80.00 mm, 24.19 mm): Symbol C2 Pin 1 [Passive, Line]
[lib_symbol_mismatch]: Symbol 'C' doesn't match copy in library 'Device'
    ; warning
    @(80.00 mm, 28.00 mm): Symbol C2 [C]
[endpoint_off_grid]: Symbol pin or wire end off connection grid
    ; warning
    @(73.57 mm, 42.46 mm): Symbol U3 Pin 1 [GND, Unspecified, Line]
[endpoint_off_grid]: Symbol pin or wire end off connection grid
    ; warning
    @(73.57 mm, 42.46 mm): Wire, length 8.648 mm
[pin_to_pin]: Pins of type Unspecified and Passive are connected
    ; warning
    @(73.57 mm, 42.46 mm): Symbol U3 Pin 1 [GND, Unspecified, Line]
    @(80.00 mm, 31.81 mm): Symbol C2 Pin 2 [Passive, Line]
[pin_to_pin]: Pins of type Unspecified and Unspecified are connected
    ; warning
    @(73.57 mm, 45.00 mm): Symbol U3 Pin 2 [VOUT, Unspecified, Line]
    @(96.43 mm, 45.00 mm): Symbol U3 Pin 4 [VOUT, Unspecified, Line]
[pin_to_pin]: Pins of type Unspecified and Passive are connected
    ; warning
    @(73.57 mm, 47.54 mm): Symbol U3 Pin 3 [VIN, Unspecified, Line]
    @(80.00 mm, 24.19 mm): Symbol C2 Pin 1 [Passive, Line]
[endpoint_off_grid]: Symbol pin or wire end off connection grid
    ; warning
    @(19.92 mm, 92.46 mm): Symbol J6 Pin 1 [1, Unspecified, Line]
[pin_to_pin]: Pins of type Unspecified and Unspecified are connected
    ; warning
    @(19.92 mm, 92.46 mm): Symbol J6 Pin 1 [1, Unspecified, Line]
    @(19.92 mm, 112.46 mm): Symbol J7 Pin 1 [1, Unspecified, Line]
[pin_to_pin]: Pins of type Unspecified and Unspecified are connected
    ; warning
    @(19.92 mm, 95.00 mm): Symbol J6 Pin 2 [2, Unspecified, Line]
    @(19.92 mm, 115.00 mm): Symbol J7 Pin 2 [2, Unspecified, Line]
[endpoint_off_grid]: Symbol pin or wire end off connection grid
    ; warning
    @(95.00 mm, 24.19 mm): Symbol C3 Pin 1 [Passive, Line]
[lib_symbol_mismatch]: Symbol 'C' doesn't match copy in library 'Device'
    ; warning
    @(95.00 mm, 28.00 mm): Symbol C3 [C]
[pin_to_pin]: Pins of type Unspecified and Unspecified are connected
    ; warning
    @(19.92 mm, 97.54 mm): Symbol J6 Pin 3 [3, Unspecified, Line]
    @(104.76 mm, 79.84 mm): Symbol U1 Pin 6 [IO34, Unspecified, Line]
[pin_to_pin]: Pins of type Unspecified and Passive are connected
    ; warning
    @(96.43 mm, 45.00 mm): Symbol U3 Pin 4 [VOUT, Unspecified, Line]
    @(95.00 mm, 24.19 mm): Symbol C3 Pin 1 [Passive, Line]
[endpoint_off_grid]: Symbol pin or wire end off connection grid
    ; warning
    @(110.00 mm, 24.19 mm): Symbol C4 Pin 1 [Passive, Line]
[lib_symbol_mismatch]: Symbol 'C' doesn't match copy in library 'Device'
    ; warning
    @(110.00 mm, 28.00 mm): Symbol C4 [C]
[endpoint_off_grid]: Symbol pin or wire end off connection grid
    ; warning
    @(19.92 mm, 112.46 mm): Symbol J7 Pin 1 [1, Unspecified, Line]
[pin_to_pin]: Pins of type Unspecified and Unspecified are connected
    ; warning
    @(19.92 mm, 112.46 mm): Symbol J7 Pin 1 [1, Unspecified, Line]
    @(19.92 mm, 132.46 mm): Symbol J8 Pin 1 [1, Unspecified, Line]
[pin_to_pin]: Pins of type Unspecified and Unspecified are connected
    ; warning
    @(19.92 mm, 115.00 mm): Symbol J7 Pin 2 [2, Unspecified, Line]
    @(19.92 mm, 135.00 mm): Symbol J8 Pin 2 [2, Unspecified, Line]
[pin_to_pin]: Pins of type Unspecified and Unspecified are connected
    ; warning
    @(19.92 mm, 117.54 mm): Symbol J7 Pin 3 [3, Unspecified, Line]
    @(104.76 mm, 82.38 mm): Symbol U1 Pin 7 [IO35, Unspecified, Line]
[endpoint_off_grid]: Symbol pin or wire end off connection grid
    ; warning
    @(104.76 mm, 67.14 mm): Symbol U1 Pin 1 [GND, Unspecified, Line]
[pin_to_pin]: Pins of type Unspecified and Unspecified are connected
    ; warning
    @(104.76 mm, 67.14 mm): Symbol U1 Pin 1 [GND, Unspecified, Line]
    @(135.24 mm, 67.14 mm): Symbol U1 Pin 38 [GND, Unspecified, Line]
[pin_to_pin]: Pins of type Unspecified and Unspecified are connected
    ; warning
    @(104.76 mm, 69.68 mm): Symbol U1 Pin 2 [VDD33, Unspecified, Line]
    @(96.43 mm, 45.00 mm): Symbol U3 Pin 4 [VOUT, Unspecified, Line]
[pin_to_pin]: Pins of type Unspecified and Passive are connected
    ; warning
    @(104.76 mm, 72.22 mm): Symbol U1 Pin 3 [EN, Unspecified, Line]
    @(155.00 mm, 31.81 mm): Symbol R12 Pin 2 [Passive, Line]
[endpoint_off_grid]: Symbol pin or wire end off connection grid
    ; warning
    @(125.00 mm, 24.19 mm): Symbol C5 Pin 1 [Passive, Line]
[lib_symbol_mismatch]: Symbol 'C' doesn't match copy in library 'Device'
    ; warning
    @(125.00 mm, 28.00 mm): Symbol C5 [C]
[endpoint_off_grid]: Symbol pin or wire end off connection grid
    ; warning
    @(19.92 mm, 132.46 mm): Symbol J8 Pin 1 [1, Unspecified, Line]
[pin_to_pin]: Pins of type Unspecified and Unspecified are connected
    ; warning
    @(19.92 mm, 132.46 mm): Symbol J8 Pin 1 [1, Unspecified, Line]
    @(19.92 mm, 152.46 mm): Symbol J9 Pin 1 [1, Unspecified, Line]
[pin_to_pin]: Pins of type Unspecified and Unspecified are connected
    ; warning
    @(19.92 mm, 135.00 mm): Symbol J8 Pin 2 [2, Unspecified, Line]
    @(19.92 mm, 155.00 mm): Symbol J9 Pin 2 [2, Unspecified, Line]
[pin_to_pin]: Pins of type Unspecified and Passive are connected
    ; warning
    @(19.92 mm, 137.54 mm): Symbol J8 Pin 3 [3, Unspecified, Line]
    @(55.00 mm, 131.19 mm): Symbol R9 Pin 2 [2, Passive, Line]
[endpoint_off_grid]: Symbol pin or wire end off connection grid
    ; warning
    @(140.00 mm, 24.19 mm): Symbol C6 Pin 1 [Passive, Line]
[lib_symbol_mismatch]: Symbol 'C' doesn't match copy in library 'Device'
    ; warning
    @(140.00 mm, 28.00 mm): Symbol C6 [C]
[pin_to_pin]: Pins of type Unspecified and Unspecified are connected
    ; warning
    @(104.76 mm, 102.70 mm): Symbol U1 Pin 15 [GND, Unspecified, Line]
    @(135.24 mm, 67.14 mm): Symbol U1 Pin 38 [GND, Unspecified, Line]
[endpoint_off_grid]: Symbol pin or wire end off connection grid
    ; warning
    @(55.00 mm, 138.81 mm): Symbol R9 Pin 1 [1, Passive, Line]
[pin_to_pin]: Pins of type Unspecified and Passive are connected
    ; warning
    @(135.24 mm, 64.60 mm): Symbol U1 Pin 39 [GND, Unspecified, Line]
    @(140.00 mm, 31.81 mm): Symbol C6 Pin 2 [Passive, Line]
[pin_to_pin]: Pins of type Unspecified and Unspecified are connected
    ; warning
    @(135.24 mm, 67.14 mm): Symbol U1 Pin 38 [GND, Unspecified, Line]
    @(135.24 mm, 64.60 mm): Symbol U1 Pin 39 [GND, Unspecified, Line]
[pin_to_pin]: Pins of type Unspecified and Passive are connected
    ; warning
    @(135.24 mm, 72.22 mm): Symbol U1 Pin 36 [IO22, Unspecified, Line]
    @(185.00 mm, 51.19 mm): Symbol R11 Pin 2 [2, Passive, Line]
[endpoint_off_grid]: Symbol pin or wire end off connection grid
    ; warning
    @(19.92 mm, 152.46 mm): Symbol J9 Pin 1 [1, Unspecified, Line]
[pin_to_pin]: Pins of type Unspecified and Unspecified are connected
    ; warning
    @(19.92 mm, 152.46 mm): Symbol J9 Pin 1 [1, Unspecified, Line]
    @(19.92 mm, 172.46 mm): Symbol J10 Pin 1 [1, Unspecified, Line]
[pin_to_pin]: Pins of type Unspecified and Passive are connected
    ; warning
    @(19.92 mm, 155.00 mm): Symbol J9 Pin 2 [2, Unspecified, Line]
    @(55.00 mm, 138.81 mm): Symbol R9 Pin 1 [1, Passive, Line]
[endpoint_off_grid]: Symbol pin or wire end off connection grid
    ; warning
    @(155.00 mm, 24.19 mm): Symbol R12 Pin 1 [Passive, Line]
[pin_to_pin]: Pins of type Unspecified and Passive are connected
    ; warning
    @(135.24 mm, 79.84 mm): Symbol U1 Pin 33 [IO21, Unspecified, Line]
    @(185.00 mm, 41.19 mm): Symbol R10 Pin 2 [2, Passive, Line]
[lib_symbol_mismatch]: Symbol 'R' doesn't match copy in library 'Device'
    ; warning
    @(155.00 mm, 28.00 mm): Symbol R12 [R]
[pin_to_pin]: Pins of type Unspecified and Unspecified are connected
    ; warning
    @(19.92 mm, 157.54 mm): Symbol J9 Pin 3 [3, Unspecified, Line]
    @(104.76 mm, 95.08 mm): Symbol U1 Pin 12 [IO27, Unspecified, Line]
[pin_to_pin]: Pins of type Unspecified and Passive are connected
    ; warning
    @(135.24 mm, 84.92 mm): Symbol U1 Pin 31 [IO19, Unspecified, Line]
    @(150.00 mm, 163.81 mm): Symbol R4 Pin 1 [1, Passive, Line]
[pin_to_pin]: Pins of type Unspecified and Passive are connected
    ; warning
    @(135.24 mm, 87.46 mm): Symbol U1 Pin 30 [IO18, Unspecified, Line]
    @(150.00 mm, 143.81 mm): Symbol R3 Pin 1 [1, Passive, Line]
[pin_to_pin]: Pins of type Unspecified and Passive are connected
    ; warning
    @(135.24 mm, 92.54 mm): Symbol U1 Pin 28 [IO17, Unspecified, Line]
    @(150.00 mm, 123.81 mm): Symbol R2 Pin 1 [1, Passive, Line]
[pin_to_pin]: Pins of type Unspecified and Passive are connected
    ; warning
    @(135.24 mm, 95.08 mm): Symbol U1 Pin 27 [IO16, Unspecified, Line]
    @(150.00 mm, 103.81 mm): Symbol R1 Pin 1 [1, Passive, Line]
[pin_to_pin]: Pins of type Unspecified and Passive are connected
    ; warning
    @(135.24 mm, 97.62 mm): Symbol U1 Pin 26 [IO4, Unspecified, Line]
    @(55.00 mm, 131.19 mm): Symbol R9 Pin 2 [2, Passive, Line]
[endpoint_off_grid]: Symbol pin or wire end off connection grid
    ; warning
    @(170.00 mm, 24.19 mm): Symbol C7 Pin 1 [Passive, Line]
[lib_symbol_mismatch]: Symbol 'C' doesn't match copy in library 'Device'
    ; warning
    @(170.00 mm, 28.00 mm): Symbol C7 [C]
[endpoint_off_grid]: Symbol pin or wire end off connection grid
    ; warning
    @(19.92 mm, 172.46 mm): Symbol J10 Pin 1 [1, Unspecified, Line]
[pin_to_pin]: Pins of type Unspecified and Unspecified are connected
    ; warning
    @(19.92 mm, 172.46 mm): Symbol J10 Pin 1 [1, Unspecified, Line]
    @(104.76 mm, 102.70 mm): Symbol U1 Pin 15 [GND, Unspecified, Line]
[pin_to_pin]: Pins of type Unspecified and Unspecified are connected
    ; warning
    @(19.92 mm, 175.00 mm): Symbol J10 Pin 2 [2, Unspecified, Line]
    @(73.57 mm, 47.54 mm): Symbol U3 Pin 3 [VIN, Unspecified, Line]
[pin_to_pin]: Pins of type Unspecified and Unspecified are connected
    ; warning
    @(19.92 mm, 177.54 mm): Symbol J10 Pin 3 [3, Unspecified, Line]
    @(104.76 mm, 92.54 mm): Symbol U1 Pin 11 [IO26, Unspecified, Line]
[endpoint_off_grid]: Symbol pin or wire end off connection grid
    ; warning
    @(150.00 mm, 103.81 mm): Symbol R1 Pin 1 [1, Passive, Line]
[endpoint_off_grid]: Symbol pin or wire end off connection grid
    ; warning
    @(185.00 mm, 48.81 mm): Symbol R10 Pin 1 [1, Passive, Line]
[endpoint_off_grid]: Symbol pin or wire end off connection grid
    ; warning
    @(160.00 mm, 108.81 mm): Symbol R5 Pin 1 [1, Passive, Line]
[endpoint_off_grid]: Symbol pin or wire end off connection grid
    ; warning
    @(185.00 mm, 58.81 mm): Symbol R11 Pin 1 [1, Passive, Line]
[endpoint_off_grid]: Symbol pin or wire end off connection grid
    ; warning
    @(150.00 mm, 123.81 mm): Symbol R2 Pin 1 [1, Passive, Line]
[endpoint_off_grid]: Symbol pin or wire end off connection grid
    ; warning
    @(194.92 mm, 41.19 mm): Symbol J11 Pin 1 [1, Unspecified, Line]
[pin_to_pin]: Pins of type Unspecified and Passive are connected
    ; warning
    @(194.92 mm, 41.19 mm): Symbol J11 Pin 1 [1, Unspecified, Line]
    @(170.00 mm, 31.81 mm): Symbol C7 Pin 2 [Passive, Line]
[endpoint_off_grid]: Symbol pin or wire end off connection grid
    ; warning
    @(172.46 mm, 100.00 mm): Symbol Q1 Pin 1 [G, Unspecified, Line]
[pin_to_pin]: Pins of type Unspecified and Passive are connected
    ; warning
    @(172.46 mm, 100.00 mm): Symbol Q1 Pin 1 [G, Unspecified, Line]
    @(160.00 mm, 108.81 mm): Symbol R5 Pin 1 [1, Passive, Line]
[pin_to_pin]: Pins of type Unspecified and Passive are connected
    ; warning
    @(194.92 mm, 43.73 mm): Symbol J11 Pin 2 [2, Unspecified, Line]
    @(185.00 mm, 48.81 mm): Symbol R10 Pin 1 [1, Passive, Line]
[pin_to_pin]: Pins of type Unspecified and Passive are connected
    ; warning
    @(194.92 mm, 46.27 mm): Symbol J11 Pin 3 [3, Unspecified, Line]
    @(185.00 mm, 41.19 mm): Symbol R10 Pin 2 [2, Passive, Line]
[pin_to_pin]: Pins of type Unspecified and Passive are connected
    ; warning
    @(194.92 mm, 48.81 mm): Symbol J11 Pin 4 [4, Unspecified, Line]
    @(185.00 mm, 51.19 mm): Symbol R11 Pin 2 [2, Passive, Line]
[pin_to_pin]: Pins of type Unspecified and Passive are connected
    ; warning
    @(177.54 mm, 94.92 mm): Symbol Q1 Pin 3 [D, Unspecified, Line]
    @(195.00 mm, 94.92 mm): Symbol D1 Pin 2 [A, Passive, Line]
[endpoint_off_grid]: Symbol pin or wire end off connection grid
    ; warning
    @(160.00 mm, 128.81 mm): Symbol R6 Pin 1 [1, Passive, Line]
[pin_to_pin]: Pins of type Unspecified and Passive are connected
    ; warning
    @(177.54 mm, 105.08 mm): Symbol Q1 Pin 2 [S, Unspecified, Line]
    @(160.00 mm, 101.19 mm): Symbol R5 Pin 2 [2, Passive, Line]
[endpoint_off_grid]: Symbol pin or wire end off connection grid
    ; warning
    @(150.00 mm, 143.81 mm): Symbol R3 Pin 1 [1, Passive, Line]
[endpoint_off_grid]: Symbol pin or wire end off connection grid
    ; warning
    @(172.46 mm, 120.00 mm): Symbol Q2 Pin 1 [G, Unspecified, Line]
[pin_to_pin]: Pins of type Unspecified and Passive are connected
    ; warning
    @(172.46 mm, 120.00 mm): Symbol Q2 Pin 1 [G, Unspecified, Line]
    @(160.00 mm, 128.81 mm): Symbol R6 Pin 1 [1, Passive, Line]
[pin_to_pin]: Pins of type Unspecified and Passive are connected
    ; warning
    @(177.54 mm, 114.92 mm): Symbol Q2 Pin 3 [D, Unspecified, Line]
    @(195.00 mm, 114.92 mm): Symbol D2 Pin 2 [A, Passive, Line]
[pin_to_pin]: Pins of type Unspecified and Passive are connected
    ; warning
    @(177.54 mm, 125.08 mm): Symbol Q2 Pin 2 [S, Unspecified, Line]
    @(160.00 mm, 121.19 mm): Symbol R6 Pin 2 [2, Passive, Line]
[endpoint_off_grid]: Symbol pin or wire end off connection grid
    ; warning
    @(160.00 mm, 148.81 mm): Symbol R7 Pin 1 [1, Passive, Line]
[endpoint_off_grid]: Symbol pin or wire end off connection grid
    ; warning
    @(195.00 mm, 105.08 mm): Symbol D1 Pin 1 [K, Passive, Line]
[endpoint_off_grid]: Symbol pin or wire end off connection grid
    ; warning
    @(150.00 mm, 163.81 mm): Symbol R4 Pin 1 [1, Passive, Line]
[endpoint_off_grid]: Symbol pin or wire end off connection grid
    ; warning
    @(172.46 mm, 140.00 mm): Symbol Q3 Pin 1 [G, Unspecified, Line]
[pin_to_pin]: Pins of type Unspecified and Passive are connected
    ; warning
    @(172.46 mm, 140.00 mm): Symbol Q3 Pin 1 [G, Unspecified, Line]
    @(160.00 mm, 148.81 mm): Symbol R7 Pin 1 [1, Passive, Line]
[pin_to_pin]: Pins of type Unspecified and Passive are connected
    ; warning
    @(177.54 mm, 134.92 mm): Symbol Q3 Pin 3 [D, Unspecified, Line]
    @(195.00 mm, 134.92 mm): Symbol D3 Pin 2 [A, Passive, Line]
[pin_to_pin]: Pins of type Unspecified and Passive are connected
    ; warning
    @(177.54 mm, 145.08 mm): Symbol Q3 Pin 2 [S, Unspecified, Line]
    @(160.00 mm, 141.19 mm): Symbol R7 Pin 2 [2, Passive, Line]
[endpoint_off_grid]: Symbol pin or wire end off connection grid
    ; warning
    @(195.00 mm, 125.08 mm): Symbol D2 Pin 1 [K, Passive, Line]
[endpoint_off_grid]: Symbol pin or wire end off connection grid
    ; warning
    @(160.00 mm, 168.81 mm): Symbol R8 Pin 1 [1, Passive, Line]
[endpoint_off_grid]: Symbol pin or wire end off connection grid
    ; warning
    @(172.46 mm, 160.00 mm): Symbol Q4 Pin 1 [G, Unspecified, Line]
[pin_to_pin]: Pins of type Unspecified and Passive are connected
    ; warning
    @(172.46 mm, 160.00 mm): Symbol Q4 Pin 1 [G, Unspecified, Line]
    @(160.00 mm, 168.81 mm): Symbol R8 Pin 1 [1, Passive, Line]
[pin_to_pin]: Pins of type Unspecified and Passive are connected
    ; warning
    @(177.54 mm, 154.92 mm): Symbol Q4 Pin 3 [D, Unspecified, Line]
    @(195.00 mm, 154.92 mm): Symbol D4 Pin 2 [A, Passive, Line]
[endpoint_off_grid]: Symbol pin or wire end off connection grid
    ; warning
    @(214.92 mm, 98.73 mm): Symbol J2 Pin 1 [1, Unspecified, Line]
[pin_to_pin]: Pins of type Unspecified and Unspecified are connected
    ; warning
    @(214.92 mm, 98.73 mm): Symbol J2 Pin 1 [1, Unspecified, Line]
    @(214.92 mm, 118.73 mm): Symbol J3 Pin 1 [1, Unspecified, Line]
[pin_to_pin]: Pins of type Unspecified and Passive are connected
    ; warning
    @(214.92 mm, 101.27 mm): Symbol J2 Pin 2 [2, Unspecified, Line]
    @(195.00 mm, 94.92 mm): Symbol D1 Pin 2 [A, Passive, Line]
[pin_to_pin]: Pins of type Unspecified and Passive are connected
    ; warning
    @(177.54 mm, 165.08 mm): Symbol Q4 Pin 2 [S, Unspecified, Line]
    @(160.00 mm, 161.19 mm): Symbol R8 Pin 2 [2, Passive, Line]
[endpoint_off_grid]: Symbol pin or wire end off connection grid
    ; warning
    @(195.00 mm, 145.08 mm): Symbol D3 Pin 1 [K, Passive, Line]
[endpoint_off_grid]: Symbol pin or wire end off connection grid
    ; warning
    @(214.92 mm, 118.73 mm): Symbol J3 Pin 1 [1, Unspecified, Line]
[pin_to_pin]: Pins of type Unspecified and Unspecified are connected
    ; warning
    @(214.92 mm, 118.73 mm): Symbol J3 Pin 1 [1, Unspecified, Line]
    @(214.92 mm, 138.73 mm): Symbol J4 Pin 1 [1, Unspecified, Line]
[pin_to_pin]: Pins of type Unspecified and Passive are connected
    ; warning
    @(214.92 mm, 121.27 mm): Symbol J3 Pin 2 [2, Unspecified, Line]
    @(195.00 mm, 114.92 mm): Symbol D2 Pin 2 [A, Passive, Line]
[endpoint_off_grid]: Symbol pin or wire end off connection grid
    ; warning
    @(195.00 mm, 165.08 mm): Symbol D4 Pin 1 [K, Passive, Line]
[endpoint_off_grid]: Symbol pin or wire end off connection grid
    ; warning
    @(214.92 mm, 138.73 mm): Symbol J4 Pin 1 [1, Unspecified, Line]
[pin_to_pin]: Pins of type Unspecified and Unspecified are connected
    ; warning
    @(214.92 mm, 138.73 mm): Symbol J4 Pin 1 [1, Unspecified, Line]
    @(214.92 mm, 158.73 mm): Symbol J5 Pin 1 [1, Unspecified, Line]
[pin_to_pin]: Pins of type Unspecified and Passive are connected
    ; warning
    @(214.92 mm, 141.27 mm): Symbol J4 Pin 2 [2, Unspecified, Line]
    @(195.00 mm, 134.92 mm): Symbol D3 Pin 2 [A, Passive, Line]
[endpoint_off_grid]: Symbol pin or wire end off connection grid
    ; warning
    @(214.92 mm, 158.73 mm): Symbol J5 Pin 1 [1, Unspecified, Line]
[pin_to_pin]: Pins of type Unspecified and Passive are connected
    ; warning
    @(214.92 mm, 158.73 mm): Symbol J5 Pin 1 [1, Unspecified, Line]
    @(195.00 mm, 165.08 mm): Symbol D4 Pin 1 [K, Passive, Line]
[pin_to_pin]: Pins of type Unspecified and Passive are connected
    ; warning
    @(214.92 mm, 161.27 mm): Symbol J5 Pin 2 [2, Unspecified, Line]
    @(195.00 mm, 154.92 mm): Symbol D4 Pin 2 [A, Passive, Line]

 ** ERC messages: 113  Errors 0  Warnings 113
